okular(8721)/kdecore (KConfigSkeleton) KCoreConfigSkeleton::writeConfig:
okular(8721)/kdecore (KConfigSkeleton) KCoreConfigSkeleton::writeConfig:
okular(8721)/kdecore (KConfigSkeleton) KCoreConfigSkeleton::writeConfig:
okular(8721)/kdecore (KConfigSkeleton) KCoreConfigSkeleton::writeConfig:
okular(8721)/kdecore (KConfigSkeleton) KCoreConfigSkeleton::writeConfig:
QInotifyFileSystemWatcherEngine::addPaths: inotify_add_watch failed: No queda espacio en el dispositivo
QFileSystemWatcher: failed to add paths: /home/defo/Dropbox/SciPy2014/sponsorsNacionales.pdf
QInotifyFileSystemWatcherEngine::addPaths: inotify_add_watch failed: No queda espacio en el dispositivo
QFileSystemWatcher: failed to add paths: /home/defo/Dropbox/SciPy2014
QInotifyFileSystemWatcherEngine::addPaths: inotify_add_watch failed: No queda espacio en el dispositivo
QFileSystemWatcher: failed to add paths: /home/defo/Dropbox/SciPy2014/sponsorsNacionales.pdf
QInotifyFileSystemWatcherEngine::addPaths: inotify_add_watch failed: No queda espacio en el dispositivo
QFileSystemWatcher: failed to add paths: /home/defo/Dropbox/SciPy2014
QInotifyFileSystemWatcherEngine::addPaths: inotify_add_watch failed: No queda espacio en el dispositivo
QFileSystemWatcher: failed to add paths: /home/defo/Dropbox/SciPy2014/sponsorsNacionales.pdf
QInotifyFileSystemWatcherEngine::addPaths: inotify_add_watch failed: No queda espacio en el dispositivo
QFileSystemWatcher: failed to add paths: /home/defo/Dropbox/SciPy2014

(okular:8721): GLib-GIO-WARNING **: Missing callback called fullpath = /home/defo/.config/ibus/bus/a5914a26f02a44409c311ec464c454e6-unix-0

okular(10632)/kdecore (KConfigSkeleton) KCoreConfigSkeleton::writeConfig:
okular(10632)/kdecore (KConfigSkeleton) KCoreConfigSkeleton::writeConfig:
okular(10632)/kdecore (KConfigSkeleton) KCoreConfigSkeleton::writeConfig:
okular(10632)/kdecore (KConfigSkeleton) KCoreConfigSkeleton::writeConfig:
okular(10632)/kdecore (KConfigSkeleton) KCoreConfigSkeleton::writeConfig:
